<?xml version="1.0" encoding="UTF-8"?>
<!-- Generated by org.testng.reporters.JUnitReportReporter -->
<testsuite hostname="LAPTOP-HE3IJ9BH" failures="0" tests="3" name="TestDrive.Validationtest" time="79.783" errors="0" timestamp="2023-02-25T17:15:21 IST" skipped="0">
  <testcase classname="TestDrive.Validationtest" name="ValidationOnElement1" time="17.333"/>
  <system-out/>
  <testcase classname="TestDrive.Validationtest" name="ValidationOnElement3" time="15.631"/>
  <system-out/>
  <testcase classname="TestDrive.Validationtest" name="ValidationOnElement2" time="46.819"/>
  <system-out/>
</testsuite> <!-- TestDrive.Validationtest -->
