<?xml version="1.0" encoding="UTF-8"?>
<!-- Generated by org.testng.reporters.JUnitReportReporter -->
<testsuite hostname="LAPTOP-HE3IJ9BH" failures="0" tests="1" name="TestDrive.Signuptest" time="28.050" errors="0" timestamp="2023-02-25T17:15:21 IST" skipped="0">
  <testcase classname="TestDrive.Signuptest" name="Signup" time="28.050"/>
  <system-out/>
</testsuite> <!-- TestDrive.Signuptest -->
