<?xml version="1.0" encoding="UTF-8"?>
<!-- Generated by org.testng.reporters.JUnitReportReporter -->
<testsuite hostname="LAPTOP-HE3IJ9BH" failures="0" tests="1" name="TestDrive.Logintest" time="19.277" errors="0" timestamp="2023-02-25T17:15:21 IST" skipped="0">
  <testcase classname="TestDrive.Logintest" name="Login" time="19.277"/>
  <system-out/>
</testsuite> <!-- TestDrive.Logintest -->
